This is pdfTeX, Version 3.1415926-2.4-1.40.13 (TeX Live 2012) (format=pdflatex 2012.6.30)  28 MAY 2015 00:41
entering extended mode
 restricted \write18 enabled.
 %&-line parsing enabled.
**manual.tex
(./manual.tex
LaTeX2e <2011/06/27>
Babel <v3.8m> and hyphenation patterns for english, dumylang, nohyphenation, ge
rman-x-2012-05-30, ngerman-x-2012-05-30, afrikaans, ancientgreek, ibycus, arabi
c, armenian, basque, bulgarian, catalan, pinyin, coptic, croatian, czech, danis
h, dutch, ukenglish, usenglishmax, esperanto, estonian, ethiopic, farsi, finnis
h, french, friulan, galician, german, ngerman, swissgerman, monogreek, greek, h
ungarian, icelandic, assamese, bengali, gujarati, hindi, kannada, malayalam, ma
rathi, oriya, panjabi, tamil, telugu, indonesian, interlingua, irish, italian, 
kurmanji, latin, latvian, lithuanian, mongolian, mongolianlmc, bokmal, nynorsk,
 polish, portuguese, romanian, romansh, russian, sanskrit, serbian, serbianc, s
lovak, slovenian, spanish, swedish, turkish, turkmen, ukrainian, uppersorbian, 
welsh, loaded.
(/usr/local/texlive/2012/texmf-dist/tex/latex/base/book.cls
Document Class: book 2007/10/19 v1.4h Standard LaTeX document class
(/usr/local/texlive/2012/texmf-dist/tex/latex/base/bk12.clo
File: bk12.clo 2007/10/19 v1.4h Standard LaTeX file (size option)
)
\c@part=\count79
\c@chapter=\count80
\c@section=\count81
\c@subsection=\count82
\c@subsubsection=\count83
\c@paragraph=\count84
\c@subparagraph=\count85
\c@figure=\count86
\c@table=\count87
\abovecaptionskip=\skip41
\belowcaptionskip=\skip42
\bibindent=\dimen102
)
(./settings/packages.tex
(/usr/local/texlive/2012/texmf-dist/tex/generic/epsf/epsf.sty
This is `epsf.tex' v2.7.4 <14 February 2011>
\epsffilein=\read1
\epsfframemargin=\dimen103
\epsfframethickness=\dimen104
\epsfrsize=\dimen105
\epsftmp=\dimen106
\epsftsize=\dimen107
\epsfxsize=\dimen108
\epsfysize=\dimen109
\pspoints=\dimen110
) (/usr/local/texlive/2012/texmf-dist/tex/latex/graphics/graphicx.sty
Package: graphicx 1999/02/16 v1.0f Enhanced LaTeX Graphics (DPC,SPQR)

(/usr/local/texlive/2012/texmf-dist/tex/latex/graphics/keyval.sty
Package: keyval 1999/03/16 v1.13 key=value parser (DPC)
\KV@toks@=\toks14
)
(/usr/local/texlive/2012/texmf-dist/tex/latex/graphics/graphics.sty
Package: graphics 2009/02/05 v1.0o Standard LaTeX Graphics (DPC,SPQR)

(/usr/local/texlive/2012/texmf-dist/tex/latex/graphics/trig.sty
Package: trig 1999/03/16 v1.09 sin cos tan (DPC)
)
(/usr/local/texlive/2012/texmf-dist/tex/latex/latexconfig/graphics.cfg
File: graphics.cfg 2010/04/23 v1.9 graphics configuration of TeX Live
)
Package graphics Info: Driver file: pdftex.def on input line 91.

(/usr/local/texlive/2012/texmf-dist/tex/latex/pdftex-def/pdftex.def
File: pdftex.def 2011/05/27 v0.06d Graphics/color for pdfTeX

(/usr/local/texlive/2012/texmf-dist/tex/generic/oberdiek/infwarerr.sty
Package: infwarerr 2010/04/08 v1.3 Providing info/warning/error messages (HO)
)
(/usr/local/texlive/2012/texmf-dist/tex/generic/oberdiek/ltxcmds.sty
Package: ltxcmds 2011/11/09 v1.22 LaTeX kernel commands for general use (HO)
)
\Gread@gobject=\count88
))
\Gin@req@height=\dimen111
\Gin@req@width=\dimen112
)
(/usr/local/texlive/2012/texmf-dist/tex/latex/oberdiek/epstopdf.sty
Package: epstopdf 2010/02/09 v2.5 Conversion with epstopdf on the fly (HO)

(/usr/local/texlive/2012/texmf-dist/tex/latex/oberdiek/epstopdf-base.sty
Package: epstopdf-base 2010/02/09 v2.5 Base part for package epstopdf

(/usr/local/texlive/2012/texmf-dist/tex/latex/oberdiek/grfext.sty
Package: grfext 2010/08/19 v1.1 Manage graphics extensions (HO)

(/usr/local/texlive/2012/texmf-dist/tex/generic/oberdiek/kvdefinekeys.sty
Package: kvdefinekeys 2011/04/07 v1.3 Define keys (HO)
))
(/usr/local/texlive/2012/texmf-dist/tex/latex/oberdiek/kvoptions.sty
Package: kvoptions 2011/06/30 v3.11 Key value format for package options (HO)

(/usr/local/texlive/2012/texmf-dist/tex/generic/oberdiek/kvsetkeys.sty
Package: kvsetkeys 2012/04/25 v1.16 Key value parser (HO)

(/usr/local/texlive/2012/texmf-dist/tex/generic/oberdiek/etexcmds.sty
Package: etexcmds 2011/02/16 v1.5 Avoid name clashes with e-TeX commands (HO)

(/usr/local/texlive/2012/texmf-dist/tex/generic/oberdiek/ifluatex.sty
Package: ifluatex 2010/03/01 v1.3 Provides the ifluatex switch (HO)
Package ifluatex Info: LuaTeX not detected.
)
Package etexcmds Info: Could not find \expanded.
(etexcmds)             That can mean that you are not using pdfTeX 1.50 or
(etexcmds)             that some package has redefined \expanded.
(etexcmds)             In the latter case, load this package earlier.
)))
(/usr/local/texlive/2012/texmf-dist/tex/generic/oberdiek/pdftexcmds.sty
Package: pdftexcmds 2011/11/29 v0.20 Utility functions of pdfTeX for LuaTeX (HO
)

(/usr/local/texlive/2012/texmf-dist/tex/generic/oberdiek/ifpdf.sty
Package: ifpdf 2011/01/30 v2.3 Provides the ifpdf switch (HO)
Package ifpdf Info: pdfTeX in PDF mode is detected.
)
Package pdftexcmds Info: LuaTeX not detected.
Package pdftexcmds Info: \pdf@primitive is available.
Package pdftexcmds Info: \pdf@ifprimitive is available.
Package pdftexcmds Info: \pdfdraftmode found.
)
Package grfext Info: Graphics extension search list:
(grfext)             [.png,.pdf,.jpg,.mps,.jpeg,.jbig2,.jb2,.PNG,.PDF,.JPG,.JPE
G,.JBIG2,.JB2,.eps]
(grfext)             \AppendGraphicsExtensions on input line 452.

(/usr/local/texlive/2012/texmf-dist/tex/latex/latexconfig/epstopdf-sys.cfg
File: epstopdf-sys.cfg 2010/07/13 v1.3 Configuration of (r)epstopdf for TeX Liv
e
))))
(/usr/local/texlive/2012/texmf-dist/tex/latex/base/inputenc.sty
Package: inputenc 2008/03/30 v1.1d Input encoding file
\inpenc@prehook=\toks15
\inpenc@posthook=\toks16

(/usr/local/texlive/2012/texmf-dist/tex/latex/base/utf8.def
File: utf8.def 2008/04/05 v1.1m UTF-8 support for inputenc
Now handling font encoding OML ...
... no UTF-8 mapping file for font encoding OML
Now handling font encoding T1 ...
... processing UTF-8 mapping file for font encoding T1

(/usr/local/texlive/2012/texmf-dist/tex/latex/base/t1enc.dfu
File: t1enc.dfu 2008/04/05 v1.1m UTF-8 support for inputenc
   defining Unicode char U+00A1 (decimal 161)
   defining Unicode char U+00A3 (decimal 163)
   defining Unicode char U+00AB (decimal 171)
   defining Unicode char U+00BB (decimal 187)
   defining Unicode char U+00BF (decimal 191)
   defining Unicode char U+00C0 (decimal 192)
   defining Unicode char U+00C1 (decimal 193)
   defining Unicode char U+00C2 (decimal 194)
   defining Unicode char U+00C3 (decimal 195)
   defining Unicode char U+00C4 (decimal 196)
   defining Unicode char U+00C5 (decimal 197)
   defining Unicode char U+00C6 (decimal 198)
   defining Unicode char U+00C7 (decimal 199)
   defining Unicode char U+00C8 (decimal 200)
   defining Unicode char U+00C9 (decimal 201)
   defining Unicode char U+00CA (decimal 202)
   defining Unicode char U+00CB (decimal 203)
   defining Unicode char U+00CC (decimal 204)
   defining Unicode char U+00CD (decimal 205)
   defining Unicode char U+00CE (decimal 206)
   defining Unicode char U+00CF (decimal 207)
   defining Unicode char U+00D0 (decimal 208)
   defining Unicode char U+00D1 (decimal 209)
   defining Unicode char U+00D2 (decimal 210)
   defining Unicode char U+00D3 (decimal 211)
   defining Unicode char U+00D4 (decimal 212)
   defining Unicode char U+00D5 (decimal 213)
   defining Unicode char U+00D6 (decimal 214)
   defining Unicode char U+00D8 (decimal 216)
   defining Unicode char U+00D9 (decimal 217)
   defining Unicode char U+00DA (decimal 218)
   defining Unicode char U+00DB (decimal 219)
   defining Unicode char U+00DC (decimal 220)
   defining Unicode char U+00DD (decimal 221)
   defining Unicode char U+00DE (decimal 222)
   defining Unicode char U+00DF (decimal 223)
   defining Unicode char U+00E0 (decimal 224)
   defining Unicode char U+00E1 (decimal 225)
   defining Unicode char U+00E2 (decimal 226)
   defining Unicode char U+00E3 (decimal 227)
   defining Unicode char U+00E4 (decimal 228)
   defining Unicode char U+00E5 (decimal 229)
   defining Unicode char U+00E6 (decimal 230)
   defining Unicode char U+00E7 (decimal 231)
   defining Unicode char U+00E8 (decimal 232)
   defining Unicode char U+00E9 (decimal 233)
   defining Unicode char U+00EA (decimal 234)
   defining Unicode char U+00EB (decimal 235)
   defining Unicode char U+00EC (decimal 236)
   defining Unicode char U+00ED (decimal 237)
   defining Unicode char U+00EE (decimal 238)
   defining Unicode char U+00EF (decimal 239)
   defining Unicode char U+00F0 (decimal 240)
   defining Unicode char U+00F1 (decimal 241)
   defining Unicode char U+00F2 (decimal 242)
   defining Unicode char U+00F3 (decimal 243)
   defining Unicode char U+00F4 (decimal 244)
   defining Unicode char U+00F5 (decimal 245)
   defining Unicode char U+00F6 (decimal 246)
   defining Unicode char U+00F8 (decimal 248)
   defining Unicode char U+00F9 (decimal 249)
   defining Unicode char U+00FA (decimal 250)
   defining Unicode char U+00FB (decimal 251)
   defining Unicode char U+00FC (decimal 252)
   defining Unicode char U+00FD (decimal 253)
   defining Unicode char U+00FE (decimal 254)
   defining Unicode char U+00FF (decimal 255)
   defining Unicode char U+0102 (decimal 258)
   defining Unicode char U+0103 (decimal 259)
   defining Unicode char U+0104 (decimal 260)
   defining Unicode char U+0105 (decimal 261)
   defining Unicode char U+0106 (decimal 262)
   defining Unicode char U+0107 (decimal 263)
   defining Unicode char U+010C (decimal 268)
   defining Unicode char U+010D (decimal 269)
   defining Unicode char U+010E (decimal 270)
   defining Unicode char U+010F (decimal 271)
   defining Unicode char U+0110 (decimal 272)
   defining Unicode char U+0111 (decimal 273)
   defining Unicode char U+0118 (decimal 280)
   defining Unicode char U+0119 (decimal 281)
   defining Unicode char U+011A (decimal 282)
   defining Unicode char U+011B (decimal 283)
   defining Unicode char U+011E (decimal 286)
   defining Unicode char U+011F (decimal 287)
   defining Unicode char U+0130 (decimal 304)
   defining Unicode char U+0131 (decimal 305)
   defining Unicode char U+0132 (decimal 306)
   defining Unicode char U+0133 (decimal 307)
   defining Unicode char U+0139 (decimal 313)
   defining Unicode char U+013A (decimal 314)
   defining Unicode char U+013D (decimal 317)
   defining Unicode char U+013E (decimal 318)
   defining Unicode char U+0141 (decimal 321)
   defining Unicode char U+0142 (decimal 322)
   defining Unicode char U+0143 (decimal 323)
   defining Unicode char U+0144 (decimal 324)
   defining Unicode char U+0147 (decimal 327)
   defining Unicode char U+0148 (decimal 328)
   defining Unicode char U+014A (decimal 330)
   defining Unicode char U+014B (decimal 331)
   defining Unicode char U+0150 (decimal 336)
   defining Unicode char U+0151 (decimal 337)
   defining Unicode char U+0152 (decimal 338)
   defining Unicode char U+0153 (decimal 339)
   defining Unicode char U+0154 (decimal 340)
   defining Unicode char U+0155 (decimal 341)
   defining Unicode char U+0158 (decimal 344)
   defining Unicode char U+0159 (decimal 345)
   defining Unicode char U+015A (decimal 346)
   defining Unicode char U+015B (decimal 347)
   defining Unicode char U+015E (decimal 350)
   defining Unicode char U+015F (decimal 351)
   defining Unicode char U+0160 (decimal 352)
   defining Unicode char U+0161 (decimal 353)
   defining Unicode char U+0162 (decimal 354)
   defining Unicode char U+0163 (decimal 355)
   defining Unicode char U+0164 (decimal 356)
   defining Unicode char U+0165 (decimal 357)
   defining Unicode char U+016E (decimal 366)
   defining Unicode char U+016F (decimal 367)
   defining Unicode char U+0170 (decimal 368)
   defining Unicode char U+0171 (decimal 369)
   defining Unicode char U+0178 (decimal 376)
   defining Unicode char U+0179 (decimal 377)
   defining Unicode char U+017A (decimal 378)
   defining Unicode char U+017B (decimal 379)
   defining Unicode char U+017C (decimal 380)
   defining Unicode char U+017D (decimal 381)
   defining Unicode char U+017E (decimal 382)
   defining Unicode char U+200C (decimal 8204)
   defining Unicode char U+2013 (decimal 8211)
   defining Unicode char U+2014 (decimal 8212)
   defining Unicode char U+2018 (decimal 8216)
   defining Unicode char U+2019 (decimal 8217)
   defining Unicode char U+201A (decimal 8218)
   defining Unicode char U+201C (decimal 8220)
   defining Unicode char U+201D (decimal 8221)
   defining Unicode char U+201E (decimal 8222)
   defining Unicode char U+2030 (decimal 8240)
   defining Unicode char U+2031 (decimal 8241)
   defining Unicode char U+2039 (decimal 8249)
   defining Unicode char U+203A (decimal 8250)
   defining Unicode char U+2423 (decimal 9251)
)
Now handling font encoding OT1 ...
... processing UTF-8 mapping file for font encoding OT1

(/usr/local/texlive/2012/texmf-dist/tex/latex/base/ot1enc.dfu
File: ot1enc.dfu 2008/04/05 v1.1m UTF-8 support for inputenc
   defining Unicode char U+00A1 (decimal 161)
   defining Unicode char U+00A3 (decimal 163)
   defining Unicode char U+00B8 (decimal 184)
   defining Unicode char U+00BF (decimal 191)
   defining Unicode char U+00C5 (decimal 197)
   defining Unicode char U+00C6 (decimal 198)
   defining Unicode char U+00D8 (decimal 216)
   defining Unicode char U+00DF (decimal 223)
   defining Unicode char U+00E6 (decimal 230)
   defining Unicode char U+00EC (decimal 236)
   defining Unicode char U+00ED (decimal 237)
   defining Unicode char U+00EE (decimal 238)
   defining Unicode char U+00EF (decimal 239)
   defining Unicode char U+00F8 (decimal 248)
   defining Unicode char U+0131 (decimal 305)
   defining Unicode char U+0141 (decimal 321)
   defining Unicode char U+0142 (decimal 322)
   defining Unicode char U+0152 (decimal 338)
   defining Unicode char U+0153 (decimal 339)
   defining Unicode char U+2013 (decimal 8211)
   defining Unicode char U+2014 (decimal 8212)
   defining Unicode char U+2018 (decimal 8216)
   defining Unicode char U+2019 (decimal 8217)
   defining Unicode char U+201C (decimal 8220)
   defining Unicode char U+201D (decimal 8221)
)
Now handling font encoding OMS ...
... processing UTF-8 mapping file for font encoding OMS

(/usr/local/texlive/2012/texmf-dist/tex/latex/base/omsenc.dfu
File: omsenc.dfu 2008/04/05 v1.1m UTF-8 support for inputenc
   defining Unicode char U+00A7 (decimal 167)
   defining Unicode char U+00B6 (decimal 182)
   defining Unicode char U+00B7 (decimal 183)
   defining Unicode char U+2020 (decimal 8224)
   defining Unicode char U+2021 (decimal 8225)
   defining Unicode char U+2022 (decimal 8226)
)
Now handling font encoding OMX ...
... no UTF-8 mapping file for font encoding OMX
Now handling font encoding U ...
... no UTF-8 mapping file for font encoding U
   defining Unicode char U+00A9 (decimal 169)
   defining Unicode char U+00AA (decimal 170)
   defining Unicode char U+00AE (decimal 174)
   defining Unicode char U+00BA (decimal 186)
   defining Unicode char U+02C6 (decimal 710)
   defining Unicode char U+02DC (decimal 732)
   defining Unicode char U+200C (decimal 8204)
   defining Unicode char U+2026 (decimal 8230)
   defining Unicode char U+2122 (decimal 8482)
   defining Unicode char U+2423 (decimal 9251)
))
(/usr/local/texlive/2012/texmf-dist/tex/generic/epsf/epsf.tex
This is `epsf.tex' v2.7.4 <14 February 2011>
\epsffilein=\read2
\epsfframemargin=\dimen113
\epsfframethickness=\dimen114
\epsfrsize=\dimen115
\epsftmp=\dimen116
\epsftsize=\dimen117
\epsfxsize=\dimen118
\epsfysize=\dimen119
\pspoints=\dimen120
) (./manual.aux)
\openout1 = `manual.aux'.

LaTeX Font Info:    Checking defaults for OML/cmm/m/it on input line 19.
LaTeX Font Info:    ... okay on input line 19.
LaTeX Font Info:    Checking defaults for T1/cmr/m/n on input line 19.
LaTeX Font Info:    ... okay on input line 19.
LaTeX Font Info:    Checking defaults for OT1/cmr/m/n on input line 19.
LaTeX Font Info:    ... okay on input line 19.
LaTeX Font Info:    Checking defaults for OMS/cmsy/m/n on input line 19.
LaTeX Font Info:    ... okay on input line 19.
LaTeX Font Info:    Checking defaults for OMX/cmex/m/n on input line 19.
LaTeX Font Info:    ... okay on input line 19.
LaTeX Font Info:    Checking defaults for U/cmr/m/n on input line 19.
LaTeX Font Info:    ... okay on input line 19.

(/usr/local/texlive/2012/texmf-dist/tex/context/base/supp-pdf.mkii
[Loading MPS to PDF converter (version 2006.09.02).]
\scratchcounter=\count89
\scratchdimen=\dimen121
\scratchbox=\box26
\nofMPsegments=\count90
\nofMParguments=\count91
\everyMPshowfont=\toks17
\MPscratchCnt=\count92
\MPscratchDim=\dimen122
\MPnumerator=\count93
\makeMPintoPDFobject=\count94
\everyMPtoPDFconversion=\toks18
)
LaTeX Font Info:    External font `cmex10' loaded for size
(Font)              <14.4> on input line 21.
LaTeX Font Info:    External font `cmex10' loaded for size
(Font)              <7> on input line 21.
 [1


{/usr/local/texlive/2012/texmf-var/fonts/map/pdftex/updmap/pdftex.map}]
[2

] (./manual.toc
LaTeX Font Info:    External font `cmex10' loaded for size
(Font)              <12> on input line 3.
LaTeX Font Info:    External font `cmex10' loaded for size
(Font)              <8> on input line 3.
LaTeX Font Info:    External font `cmex10' loaded for size
(Font)              <6> on input line 3.
 [3] [4])
\tf@toc=\write3
\openout3 = `manual.toc'.

 [5] [6

]
 .
(./0_intro/preface.tex [7]
Underfull \hbox (badness 10000) in paragraph at lines 53--63

 []

) [0]
Chapter 0.
(./0_intro/0_intro.tex [1

]
LaTeX Font Info:    Try loading font information for OMS+cmr on input line 34.

(/usr/local/texlive/2012/texmf-dist/tex/latex/base/omscmr.fd
File: omscmr.fd 1999/05/25 v2.5h Standard LaTeX font definitions
)
LaTeX Font Info:    Font shape `OMS/cmr/m/n' in size <12> not available
(Font)              Font shape `OMS/cmsy/m/n' tried instead on input line 34.
 [2] [3]
Underfull \vbox (badness 10000) has occurred while \output is active []

 [4]
[5] [6]
Underfull \vbox (badness 10000) has occurred while \output is active []

 [7]
Package epstopdf Info: Source file: <0_intro/graph.eps>
(epstopdf)                    date: 2015-05-17 13:22:39
(epstopdf)                    size: 3981 bytes
(epstopdf)             Output file: <0_intro/graph-eps-converted-to.pdf>
(epstopdf)                    date: 2015-05-17 13:22:48
(epstopdf)                    size: 8892 bytes
(epstopdf)             Command: <repstopdf --outfile=0_intro/graph-eps-converte
d-to.pdf 0_intro/graph.eps>
(epstopdf)             \includegraphics on input line 280.
Package epstopdf Info: Output file is already uptodate.

<0_intro/graph-eps-converted-to.pdf, id=62, 451.6875pt x 397.485pt>
File: 0_intro/graph-eps-converted-to.pdf Graphic file (type pdf)

<use 0_intro/graph-eps-converted-to.pdf>
Package pdftex.def Info: 0_intro/graph-eps-converted-to.pdf used on input line 
280.
(pdftex.def)             Requested size: 271.01459pt x 238.49283pt.
 [8 <./0_intro/graph-eps-converted-to.pdf>] [9]
! Illegal unit of measure (pt inserted).
<to be read again> 
                   \let 
l.374 \epsfxsize=13 \includegraphics
                                    [scale=0.5, width=\textwidth]{0_intro/vi...

? 
Package epstopdf Info: Source file: <0_intro/vigraph.eps>
(epstopdf)                    date: 1998-09-15 08:01:43
(epstopdf)                    size: 5657 bytes
(epstopdf)             Output file: <0_intro/vigraph-eps-converted-to.pdf>
(epstopdf)                    date: 2015-05-17 13:08:45
(epstopdf)                    size: 6342 bytes
(epstopdf)             Command: <repstopdf --outfile=0_intro/vigraph-eps-conver
ted-to.pdf 0_intro/vigraph.eps>
(epstopdf)             \includegraphics on input line 374.
Package epstopdf Info: Output file is already uptodate.
<0_intro/vigraph-eps-converted-to.pdf, id=77, 536.0025pt x 411.5375pt>
File: 0_intro/vigraph-eps-converted-to.pdf Graphic file (type pdf)

<use 0_intro/vigraph-eps-converted-to.pdf>
Package pdftex.def Info: 0_intro/vigraph-eps-converted-to.pdf used on input lin
e 374.
(pdftex.def)             Requested size: 268.0006pt x 205.76825pt.
 [10] [11 <./0_intro/vigraph-eps-converted-to.pdf>]
Underfull \hbox (badness 10000) in paragraph at lines 435--442

 []


Underfull \hbox (badness 10000) in paragraph at lines 435--442

 []


Underfull \hbox (badness 10000) in paragraph at lines 448--453

 []


Underfull \hbox (badness 10000) in paragraph at lines 459--463

 []

[12] [13]
Underfull \hbox (badness 10000) in paragraph at lines 528--529

 []


Underfull \hbox (badness 10000) in paragraph at lines 529--530

 []


Underfull \hbox (badness 10000) in paragraph at lines 530--531

 []

[14]
Underfull \hbox (badness 10000) in paragraph at lines 531--532

 []


Underfull \hbox (badness 10000) in paragraph at lines 532--533

 []

[15] [16] [17]
Underfull \hbox (badness 10000) in paragraph at lines 675--688

 []

[18] [19] [20]
LaTeX Font Info:    External font `cmex10' loaded for size
(Font)              <5> on input line 781.
 [21] [22] [23]
Overfull \hbox (6.34625pt too wide) in paragraph at lines 933--933
[]\OT1/cmr/bx/n/14.4 Performing a Weighted Least-Squares Fit on Plot-
 []

[24]
Underfull \hbox (badness 10000) in paragraph at lines 972--980

 []

[25] [26]
Overfull \hbox (16.6022pt too wide) in paragraph at lines 996--998
\OT1/cmr/bx/n/17.28 Name:  []        Day/Time: [] 
 []


Underfull \hbox (badness 10000) in paragraph at lines 996--998

 []


Underfull \hbox (badness 10000) in paragraph at lines 1028--1033

 []

[27]
Underfull \hbox (badness 10000) in paragraph at lines 1040--1045

 []


Underfull \hbox (badness 10000) in paragraph at lines 1046--1051

 []


Underfull \hbox (badness 10000) in paragraph at lines 1052--1055

 []

[28]
Underfull \hbox (badness 10000) in paragraph at lines 1056--1061

 []


Underfull \hbox (badness 10000) in paragraph at lines 1062--1065

 []


Underfull \hbox (badness 10000) in paragraph at lines 1067--1070

 []

[29]
Underfull \hbox (badness 10000) in paragraph at lines 1074--1076

 []


Underfull \hbox (badness 10000) in paragraph at lines 1077--1080

 []

Package epstopdf Info: Source file: <0_intro/triangle.eps>
(epstopdf)                    date: 1998-09-15 08:01:43
(epstopdf)                    size: 1896 bytes
(epstopdf)             Output file: <0_intro/triangle-eps-converted-to.pdf>
(epstopdf)                    date: 2015-05-17 13:08:03
(epstopdf)                    size: 4926 bytes
(epstopdf)             Command: <repstopdf --outfile=0_intro/triangle-eps-conve
rted-to.pdf 0_intro/triangle.eps>
(epstopdf)             \includegraphics on input line 1083.
Package epstopdf Info: Output file is already uptodate.
<0_intro/triangle-eps-converted-to.pdf, id=153, 330.23375pt x 194.7275pt>
File: 0_intro/triangle-eps-converted-to.pdf Graphic file (type pdf)

<use 0_intro/triangle-eps-converted-to.pdf>
Package pdftex.def Info: 0_intro/triangle-eps-converted-to.pdf used on input li
ne 1083.
(pdftex.def)             Requested size: 165.11646pt x 97.3635pt.

Underfull \hbox (badness 10000) in paragraph at lines 1081--1088

 []

[30] [31 <./0_intro/triangle-eps-converted-to.pdf>] [32]
Overfull \hbox (16.6022pt too wide) in paragraph at lines 1106--1109
\OT1/cmr/bx/n/17.28 Name:  []        Day/Time: [] 
 []


Underfull \hbox (badness 10000) in paragraph at lines 1150--1156

 []

[33

]
Underfull \hbox (badness 10000) in paragraph at lines 1157--1161

 []


Underfull \hbox (badness 10000) in paragraph at lines 1162--1163

 []


Underfull \hbox (badness 10000) in paragraph at lines 1164--1166

 []

[34]
Underfull \hbox (badness 10000) in paragraph at lines 1213--1218

 []


Underfull \hbox (badness 10000) in paragraph at lines 1237--1243

 []

[35]
Underfull \hbox (badness 10000) in paragraph at lines 1251--1253

 []


Underfull \hbox (badness 10000) in paragraph at lines 1255--1260

 []


Underfull \hbox (badness 10000) in paragraph at lines 1255--1260

 []


Underfull \hbox (badness 10000) in paragraph at lines 1276--1286

 []

[36] [37]
Underfull \hbox (badness 10000) in paragraph at lines 1320--1323

 []

[38]
Underfull \hbox (badness 10000) in paragraph at lines 1326--1331

 []


Underfull \hbox (badness 10000) in paragraph at lines 1332--1335

 []

) [39] [40

]
Chapter 1.
(./1_electrostatics/1_electrostatics.tex [41]
Package epstopdf Info: Source file: <1_electrostatics/es1.eps>
(epstopdf)                    date: 2001-07-03 10:54:15
(epstopdf)                    size: 18207 bytes
(epstopdf)             Output file: <1_electrostatics/es1-eps-converted-to.pdf>

(epstopdf)                    date: 2015-05-17 14:29:48
(epstopdf)                    size: 4516 bytes
(epstopdf)             Command: <repstopdf --outfile=1_electrostatics/es1-eps-c
onverted-to.pdf 1_electrostatics/es1.eps>
(epstopdf)             \includegraphics on input line 55.
Package epstopdf Info: Output file is already uptodate.

<1_electrostatics/es1-eps-converted-to.pdf, id=202, 614.295pt x 794.97pt>
File: 1_electrostatics/es1-eps-converted-to.pdf Graphic file (type pdf)

<use 1_electrostatics/es1-eps-converted-to.pdf>
Package pdftex.def Info: 1_electrostatics/es1-eps-converted-to.pdf used on inpu
t line 55.
(pdftex.def)             Requested size: 245.71364pt x 317.98236pt.
Package epstopdf Info: Source file: <1_electrostatics/es2.eps>
(epstopdf)                    date: 2001-07-02 11:55:41
(epstopdf)                    size: 21000 bytes
(epstopdf)             Output file: <1_electrostatics/es2-eps-converted-to.pdf>

(epstopdf)                    date: 2015-05-19 20:04:23
(epstopdf)                    size: 4785 bytes
(epstopdf)             Command: <repstopdf --outfile=1_electrostatics/es2-eps-c
onverted-to.pdf 1_electrostatics/es2.eps>
(epstopdf)             \includegraphics on input line 88.
Package epstopdf Info: Output file is already uptodate.

<1_electrostatics/es2-eps-converted-to.pdf, id=203, 614.295pt x 794.97pt>
File: 1_electrostatics/es2-eps-converted-to.pdf Graphic file (type pdf)

<use 1_electrostatics/es2-eps-converted-to.pdf>
Package pdftex.def Info: 1_electrostatics/es2-eps-converted-to.pdf used on inpu
t line 88.
(pdftex.def)             Requested size: 245.71364pt x 317.98236pt.
 [42]
Underfull \vbox (badness 1502) has occurred while \output is active []

 [43 <./1_electrostatics/es1-eps-converted-to.pdf>] [44 <./1_electrostatics/es2
-eps-converted-to.pdf>]
Underfull \hbox (badness 10000) in paragraph at lines 129--134

 []

Package epstopdf Info: Source file: <1_electrostatics/es3.eps>
(epstopdf)                    date: 2001-07-03 11:50:14
(epstopdf)                    size: 23249 bytes
(epstopdf)             Output file: <1_electrostatics/es3-eps-converted-to.pdf>

(epstopdf)                    date: 2015-05-17 14:51:18
(epstopdf)                    size: 4900 bytes
(epstopdf)             Command: <repstopdf --outfile=1_electrostatics/es3-eps-c
onverted-to.pdf 1_electrostatics/es3.eps>
(epstopdf)             \includegraphics on input line 154.
Package epstopdf Info: Output file is already uptodate.
<1_electrostatics/es3-eps-converted-to.pdf, id=223, 614.295pt x 794.97pt>
File: 1_electrostatics/es3-eps-converted-to.pdf Graphic file (type pdf)

<use 1_electrostatics/es3-eps-converted-to.pdf>
Package pdftex.def Info: 1_electrostatics/es3-eps-converted-to.pdf used on inpu
t line 154.
(pdftex.def)             Requested size: 245.71364pt x 317.98236pt.
 [45] [46 <./1_electrostatics/es3-eps-converted-to.pdf>]
Underfull \hbox (badness 10000) in paragraph at lines 230--239

 []

[47]
Package epstopdf Info: Source file: <1_electrostatics/Electrostatics.eps>
(epstopdf)                    date: 2015-05-19 20:15:10
(epstopdf)                    size: 3888477 bytes
(epstopdf)             Output file: <1_electrostatics/Electrostatics-eps-conver
ted-to.pdf>
(epstopdf)                    date: 2015-05-19 20:18:44
(epstopdf)                    size: 252260 bytes
(epstopdf)             Command: <repstopdf --outfile=1_electrostatics/Electrost
atics-eps-converted-to.pdf 1_electrostatics/Electrostatics.eps>
(epstopdf)             \includegraphics on input line 284.
Package epstopdf Info: Output file is already uptodate.

<1_electrostatics/Electrostatics-eps-converted-to.pdf, id=239, 532.99126pt x 20
7.77625pt>
File: 1_electrostatics/Electrostatics-eps-converted-to.pdf Graphic file (type p
df)
 <use 1_electrostatics/Electrostatics-eps-converted-to.pdf>
Package pdftex.def Info: 1_electrostatics/Electrostatics-eps-converted-to.pdf u
sed on input line 284.
(pdftex.def)             Requested size: 319.79723pt x 124.6667pt.

Underfull \hbox (badness 10000) in paragraph at lines 299--301

 []

[48 <./1_electrostatics/Electrostatics-eps-converted-to.pdf>] [49]
Overfull \hbox (1.56989pt too wide) in paragraph at lines 345--345
[]\OT1/cmr/bx/n/14.4 The \OT1/cmr/m/it/14.4 Pasco \OT1/cmr/bx/n/14.4 ES-9075A C
harge Pro-duc-ers and Proof
 []


Underfull \hbox (badness 10000) in paragraph at lines 346--354

 []


Underfull \hbox (badness 10000) in paragraph at lines 355--360

 []

[50]
Package epstopdf Info: Source file: <1_electrostatics/es4.eps>
(epstopdf)                    date: 2003-06-26 11:33:04
(epstopdf)                    size: 63491 bytes
(epstopdf)             Output file: <1_electrostatics/es4-eps-converted-to.pdf>

(epstopdf)                    date: 2015-05-19 20:18:46
(epstopdf)                    size: 42615 bytes
(epstopdf)             Command: <repstopdf --outfile=1_electrostatics/es4-eps-c
onverted-to.pdf 1_electrostatics/es4.eps>
(epstopdf)             \includegraphics on input line 413.
Package epstopdf Info: Output file is already uptodate.

<1_electrostatics/es4-eps-converted-to.pdf, id=252, 288.07625pt x 238.8925pt>
File: 1_electrostatics/es4-eps-converted-to.pdf Graphic file (type pdf)

<use 1_electrostatics/es4-eps-converted-to.pdf>
Package pdftex.def Info: 1_electrostatics/es4-eps-converted-to.pdf used on inpu
t line 413.
(pdftex.def)             Requested size: 144.03777pt x 119.44595pt.

! Extra }, or forgotten \endgroup.
\@endfloatbox ...pagefalse \outer@nobreak \egroup 
                                                  \color@endbox 
l.416 \end{figure}
                  
? 
[51 <./1_electrostatics/es4-eps-converted-to.pdf>] [52]
Overfull \hbox (6.63281pt too wide) in paragraph at lines 453--457
\OT1/cmr/bx/n/17.28 Name: []        Day/Time [] 
 []


Underfull \hbox (badness 10000) in paragraph at lines 453--457

 []


Underfull \hbox (badness 10000) in paragraph at lines 468--482

 []

[53

]
Underfull \hbox (badness 10000) in paragraph at lines 497--505

 []


Underfull \hbox (badness 10000) in paragraph at lines 508--509

 []


Underfull \hbox (badness 10000) in paragraph at lines 512--515

 []


Underfull \hbox (badness 10000) in paragraph at lines 518--519

 []


Underfull \hbox (badness 10000) in paragraph at lines 522--526

 []


Underfull \hbox (badness 10000) in paragraph at lines 529--530

 []


Underfull \hbox (badness 10000) in paragraph at lines 533--537

 []


Underfull \hbox (badness 10000) in paragraph at lines 540--541

 []


Underfull \hbox (badness 10000) in paragraph at lines 546--551

 []

[54]
Underfull \hbox (badness 10000) in paragraph at lines 562--565

 []


Underfull \hbox (badness 10000) in paragraph at lines 570--572

 []


Underfull \hbox (badness 10000) in paragraph at lines 577--579

 []


Underfull \hbox (badness 10000) in paragraph at lines 597--621

 []

[55]
Underfull \hbox (badness 10000) in paragraph at lines 622--623

 []


Underfull \hbox (badness 10000) in paragraph at lines 629--633

 []


Underfull \vbox (badness 5446) has occurred while \output is active []

 [56]
Underfull \hbox (badness 10000) in paragraph at lines 651--663

 []


Underfull \hbox (badness 10000) in paragraph at lines 668--676

 []

[57]
Underfull \vbox (badness 10000) has occurred while \output is active []

 [58]
Underfull \hbox (badness 10000) in paragraph at lines 766--769

 []

[59]
Underfull \hbox (badness 10000) in paragraph at lines 784--790

 []


Underfull \vbox (badness 10000) has occurred while \output is active []

 [60]
Underfull \vbox (badness 10000) has occurred while \output is active []

 [61]
Underfull \hbox (badness 10000) in paragraph at lines 813--817

 []


Underfull \vbox (badness 10000) has occurred while \output is active []

 [62]
Underfull \hbox (badness 10000) in paragraph at lines 842--847

 []

) [63] [64

]
Chapter 2.
(./2_dc/dc.tex [65] [66]
Package epstopdf Info: Source file: <2_dc/voltdrop.eps>
(epstopdf)                    date: 2015-05-20 13:28:18
(epstopdf)                    size: 3773 bytes
(epstopdf)             Output file: <2_dc/voltdrop-eps-converted-to.pdf>
(epstopdf)                    date: 2015-05-20 13:39:14
(epstopdf)                    size: 6108 bytes
(epstopdf)             Command: <repstopdf --outfile=2_dc/voltdrop-eps-converte
d-to.pdf 2_dc/voltdrop.eps>
(epstopdf)             \includegraphics on input line 83.
Package epstopdf Info: Output file is already uptodate.

<2_dc/voltdrop-eps-converted-to.pdf, id=317, 277.035pt x 148.555pt>
File: 2_dc/voltdrop-eps-converted-to.pdf Graphic file (type pdf)

<use 2_dc/voltdrop-eps-converted-to.pdf>
Package pdftex.def Info: 2_dc/voltdrop-eps-converted-to.pdf used on input line 
83.
(pdftex.def)             Requested size: 138.51715pt x 74.27731pt.
Package epstopdf Info: Source file: <2_dc/voltsource.eps>
(epstopdf)                    date: 2015-05-20 13:28:18
(epstopdf)                    size: 3784 bytes
(epstopdf)             Output file: <2_dc/voltsource-eps-converted-to.pdf>
(epstopdf)                    date: 2015-05-20 13:39:14
(epstopdf)                    size: 7195 bytes
(epstopdf)             Command: <repstopdf --outfile=2_dc/voltsource-eps-conver
ted-to.pdf 2_dc/voltsource.eps>
(epstopdf)             \includegraphics on input line 116.
Package epstopdf Info: Output file is already uptodate.

<2_dc/voltsource-eps-converted-to.pdf, id=318, 394.47375pt x 264.99pt>
File: 2_dc/voltsource-eps-converted-to.pdf Graphic file (type pdf)

<use 2_dc/voltsource-eps-converted-to.pdf>
Package pdftex.def Info: 2_dc/voltsource-eps-converted-to.pdf used on input lin
e 116.
(pdftex.def)             Requested size: 197.23639pt x 132.49467pt.
 [67 <./2_dc/voltdrop-eps-converted-to.pdf>]
Package epstopdf Info: Source file: <2_dc/schemdef.eps>
(epstopdf)                    date: 2015-05-20 13:28:18
(epstopdf)                    size: 2704 bytes
(epstopdf)             Output file: <2_dc/schemdef-eps-converted-to.pdf>
(epstopdf)                    date: 2015-05-20 13:39:15
(epstopdf)                    size: 6097 bytes
(epstopdf)             Command: <repstopdf --outfile=2_dc/schemdef-eps-converte
d-to.pdf 2_dc/schemdef.eps>
(epstopdf)             \includegraphics on input line 123.
Package epstopdf Info: Output file is already uptodate.
 <2_dc/schemdef-eps-converted-to.pdf, id=330, 625.33624pt x 59.22125pt>
File: 2_dc/schemdef-eps-converted-to.pdf Graphic file (type pdf)

<use 2_dc/schemdef-eps-converted-to.pdf>
Package pdftex.def Info: 2_dc/schemdef-eps-converted-to.pdf used on input line 
123.
(pdftex.def)             Requested size: 312.66736pt x 29.61053pt.

Underfull \vbox (badness 10000) has occurred while \output is active []

 [68 <./2_dc/voltsource-eps-converted-to.pdf> <./2_dc/schemdef-eps-converted-to
.pdf>]
Package epstopdf Info: Source file: <2_dc/voltmeter.eps>
(epstopdf)                    date: 2015-05-20 13:28:18
(epstopdf)                    size: 6486 bytes
(epstopdf)             Output file: <2_dc/voltmeter-eps-converted-to.pdf>
(epstopdf)                    date: 2015-05-20 13:39:16
(epstopdf)                    size: 7191 bytes
(epstopdf)             Command: <repstopdf --outfile=2_dc/voltmeter-eps-convert
ed-to.pdf 2_dc/voltmeter.eps>
(epstopdf)             \includegraphics on input line 137.
Package epstopdf Info: Output file is already uptodate.

<2_dc/voltmeter-eps-converted-to.pdf, id=351, 50.1875pt x 35.13126pt>
File: 2_dc/voltmeter-eps-converted-to.pdf Graphic file (type pdf)

<use 2_dc/voltmeter-eps-converted-to.pdf>
Package pdftex.def Info: 2_dc/voltmeter-eps-converted-to.pdf used on input line
 137.
(pdftex.def)             Requested size: 301.12418pt x 210.7869pt.
Package epstopdf Info: Source file: <2_dc/ammeter.eps>
(epstopdf)                    date: 2015-05-20 13:28:18
(epstopdf)                    size: 6198 bytes
(epstopdf)             Output file: <2_dc/ammeter-eps-converted-to.pdf>
(epstopdf)                    date: 2015-05-20 13:39:17
(epstopdf)                    size: 7255 bytes
(epstopdf)             Command: <repstopdf --outfile=2_dc/ammeter-eps-converted
-to.pdf 2_dc/ammeter.eps>
(epstopdf)             \includegraphics on input line 153.
Package epstopdf Info: Output file is already uptodate.

<2_dc/ammeter-eps-converted-to.pdf, id=352, 50.1875pt x 35.13126pt>
File: 2_dc/ammeter-eps-converted-to.pdf Graphic file (type pdf)

<use 2_dc/ammeter-eps-converted-to.pdf>
Package pdftex.def Info: 2_dc/ammeter-eps-converted-to.pdf used on input line 1
53.
(pdftex.def)             Requested size: 301.12418pt x 210.7869pt.
Package epstopdf Info: Source file: <2_dc/voltseries.eps>
(epstopdf)                    date: 2015-05-20 13:28:18
(epstopdf)                    size: 4009 bytes
(epstopdf)             Output file: <2_dc/voltseries-eps-converted-to.pdf>
(epstopdf)                    date: 2015-05-20 13:39:18
(epstopdf)                    size: 5454 bytes
(epstopdf)             Command: <repstopdf --outfile=2_dc/voltseries-eps-conver
ted-to.pdf 2_dc/voltseries.eps>
(epstopdf)             \includegraphics on input line 165.
Package epstopdf Info: Output file is already uptodate.

<2_dc/voltseries-eps-converted-to.pdf, id=353, 474.77374pt x 154.5775pt>
File: 2_dc/voltseries-eps-converted-to.pdf Graphic file (type pdf)

<use 2_dc/voltseries-eps-converted-to.pdf>
Package pdftex.def Info: 2_dc/voltseries-eps-converted-to.pdf used on input lin
e 165.
(pdftex.def)             Requested size: 284.86644pt x 92.7472pt.

Underfull \vbox (badness 1983) has occurred while \output is active []

 [69 <./2_dc/voltmeter-eps-converted-to.pdf>]
Package epstopdf Info: Source file: <2_dc/battalign.eps>
(epstopdf)                    date: 2015-05-20 13:28:18
(epstopdf)                    size: 3466 bytes
(epstopdf)             Output file: <2_dc/battalign-eps-converted-to.pdf>
(epstopdf)                    date: 2015-05-20 13:39:19
(epstopdf)                    size: 5250 bytes
(epstopdf)             Command: <repstopdf --outfile=2_dc/battalign-eps-convert
ed-to.pdf 2_dc/battalign.eps>
(epstopdf)             \includegraphics on input line 178.
Package epstopdf Info: Output file is already uptodate.

<2_dc/battalign-eps-converted-to.pdf, id=366, 245.91875pt x 102.3825pt>
File: 2_dc/battalign-eps-converted-to.pdf Graphic file (type pdf)

<use 2_dc/battalign-eps-converted-to.pdf>
Package pdftex.def Info: 2_dc/battalign-eps-converted-to.pdf used on input line
 178.
(pdftex.def)             Requested size: 147.55237pt x 61.42996pt.
Package epstopdf Info: Source file: <2_dc/battopp.eps>
(epstopdf)                    date: 2015-05-20 13:28:18
(epstopdf)                    size: 3466 bytes
(epstopdf)             Output file: <2_dc/battopp-eps-converted-to.pdf>
(epstopdf)                    date: 2015-05-20 13:39:20
(epstopdf)                    size: 5252 bytes
(epstopdf)             Command: <repstopdf --outfile=2_dc/battopp-eps-converted
-to.pdf 2_dc/battopp.eps>
(epstopdf)             \includegraphics on input line 189.
Package epstopdf Info: Output file is already uptodate.

<2_dc/battopp-eps-converted-to.pdf, id=367, 245.91875pt x 102.3825pt>
File: 2_dc/battopp-eps-converted-to.pdf Graphic file (type pdf)

<use 2_dc/battopp-eps-converted-to.pdf>
Package pdftex.def Info: 2_dc/battopp-eps-converted-to.pdf used on input line 1
89.
(pdftex.def)             Requested size: 147.55237pt x 61.42996pt.
 [70 <./2_dc/ammeter-eps-converted-to.pdf> <./2_dc/voltseries-eps-converted-to.
pdf>]
Package epstopdf Info: Source file: <2_dc/voltparallel.eps>
(epstopdf)                    date: 2015-05-20 13:28:18
(epstopdf)                    size: 3555 bytes
(epstopdf)             Output file: <2_dc/voltparallel-eps-converted-to.pdf>
(epstopdf)                    date: 2015-05-20 13:39:21
(epstopdf)                    size: 5601 bytes
(epstopdf)             Command: <repstopdf --outfile=2_dc/voltparallel-eps-conv
erted-to.pdf 2_dc/voltparallel.eps>
(epstopdf)             \includegraphics on input line 203.
Package epstopdf Info: Output file is already uptodate.

<2_dc/voltparallel-eps-converted-to.pdf, id=388, 243.91125pt x 227.85126pt>
File: 2_dc/voltparallel-eps-converted-to.pdf Graphic file (type pdf)

<use 2_dc/voltparallel-eps-converted-to.pdf>
Package pdftex.def Info: 2_dc/voltparallel-eps-converted-to.pdf used on input l
ine 203.
(pdftex.def)             Requested size: 146.34787pt x 136.71179pt.
Package epstopdf Info: Source file: <2_dc/junction.eps>
(epstopdf)                    date: 2015-05-20 13:28:18
(epstopdf)                    size: 4309 bytes
(epstopdf)             Output file: <2_dc/junction-eps-converted-to.pdf>
(epstopdf)                    date: 2015-05-20 13:59:13
(epstopdf)                    size: 4834 bytes
(epstopdf)             Command: <repstopdf --outfile=2_dc/junction-eps-converte
d-to.pdf 2_dc/junction.eps>
(epstopdf)             \includegraphics on input line 229.
Package epstopdf Info: Output file is already uptodate.

<2_dc/junction-eps-converted-to.pdf, id=389, 249.93375pt x 247.92625pt>
File: 2_dc/junction-eps-converted-to.pdf Graphic file (type pdf)

<use 2_dc/junction-eps-converted-to.pdf>
Package pdftex.def Info: 2_dc/junction-eps-converted-to.pdf used on input line 
229.
(pdftex.def)             Requested size: 124.96657pt x 123.96281pt.
 [71 <./2_dc/battalign-eps-converted-to.pdf> <./2_dc/battopp-eps-converted-to.p
df>] [72 <./2_dc/voltparallel-eps-converted-to.pdf> <./2_dc/junction-eps-conver
ted-to.pdf>]
Package epstopdf Info: Source file: <2_dc/ohm.eps>
(epstopdf)                    date: 2015-05-20 13:28:18
(epstopdf)                    size: 2708 bytes
(epstopdf)             Output file: <2_dc/ohm-eps-converted-to.pdf>
(epstopdf)                    date: 2015-05-20 13:39:39
(epstopdf)                    size: 4372 bytes
(epstopdf)             Command: <repstopdf --outfile=2_dc/ohm-eps-converted-to.
pdf 2_dc/ohm.eps>
(epstopdf)             \includegraphics on input line 252.
Package epstopdf Info: Output file is already uptodate.

<2_dc/ohm-eps-converted-to.pdf, id=426, 204.765pt x 76.285pt>
File: 2_dc/ohm-eps-converted-to.pdf Graphic file (type pdf)

<use 2_dc/ohm-eps-converted-to.pdf>
Package pdftex.def Info: 2_dc/ohm-eps-converted-to.pdf used on input line 252.
(pdftex.def)             Requested size: 122.85992pt x 45.77135pt.
Package epstopdf Info: Source file: <2_dc/series1.eps>
(epstopdf)                    date: 2015-05-20 13:28:18
(epstopdf)                    size: 4856 bytes
(epstopdf)             Output file: <2_dc/series1-eps-converted-to.pdf>
(epstopdf)                    date: 2015-05-20 13:39:40
(epstopdf)                    size: 5941 bytes
(epstopdf)             Command: <repstopdf --outfile=2_dc/series1-eps-converted
-to.pdf 2_dc/series1.eps>
(epstopdf)             \includegraphics on input line 283.
Package epstopdf Info: Output file is already uptodate.

<2_dc/series1-eps-converted-to.pdf, id=427, 701.62125pt x 112.42pt>
File: 2_dc/series1-eps-converted-to.pdf Graphic file (type pdf)

<use 2_dc/series1-eps-converted-to.pdf>
Package pdftex.def Info: 2_dc/series1-eps-converted-to.pdf used on input line 2
83.
(pdftex.def)             Requested size: 350.80975pt x 56.20985pt.
 [73 <./2_dc/ohm-eps-converted-to.pdf>]
Package epstopdf Info: Source file: <2_dc/resistseries.eps>
(epstopdf)                    date: 2015-05-20 13:28:18
(epstopdf)                    size: 5173 bytes
(epstopdf)             Output file: <2_dc/resistseries-eps-converted-to.pdf>
(epstopdf)                    date: 2015-05-20 13:39:41
(epstopdf)                    size: 6428 bytes
(epstopdf)             Command: <repstopdf --outfile=2_dc/resistseries-eps-conv
erted-to.pdf 2_dc/resistseries.eps>
(epstopdf)             \includegraphics on input line 301.
Package epstopdf Info: Output file is already uptodate.

<2_dc/resistseries-eps-converted-to.pdf, id=436, 589.20125pt x 257.96375pt>
File: 2_dc/resistseries-eps-converted-to.pdf Graphic file (type pdf)

<use 2_dc/resistseries-eps-converted-to.pdf>
Package pdftex.def Info: 2_dc/resistseries-eps-converted-to.pdf used on input l
ine 301.
(pdftex.def)             Requested size: 353.52347pt x 154.77943pt.
Package epstopdf Info: Source file: <2_dc/parallel1.eps>
(epstopdf)                    date: 2015-05-20 13:28:18
(epstopdf)                    size: 6733 bytes
(epstopdf)             Output file: <2_dc/parallel1-eps-converted-to.pdf>
(epstopdf)                    date: 2015-05-20 13:39:41
(epstopdf)                    size: 6483 bytes
(epstopdf)             Command: <repstopdf --outfile=2_dc/parallel1-eps-convert
ed-to.pdf 2_dc/parallel1.eps>
(epstopdf)             \includegraphics on input line 322.
Package epstopdf Info: Output file is already uptodate.

<2_dc/parallel1-eps-converted-to.pdf, id=437, 643.40375pt x 275.0275pt>
File: 2_dc/parallel1-eps-converted-to.pdf Graphic file (type pdf)

<use 2_dc/parallel1-eps-converted-to.pdf>
Package pdftex.def Info: 2_dc/parallel1-eps-converted-to.pdf used on input line
 322.
(pdftex.def)             Requested size: 386.04523pt x 165.01776pt.
 [74 <./2_dc/series1-eps-converted-to.pdf> <./2_dc/resistseries-eps-converted-t
o.pdf>]
Package epstopdf Info: Source file: <2_dc/parallel2.eps>
(epstopdf)                    date: 2015-05-20 13:28:18
(epstopdf)                    size: 5617 bytes
(epstopdf)             Output file: <2_dc/parallel2-eps-converted-to.pdf>
(epstopdf)                    date: 2015-05-20 13:39:42
(epstopdf)                    size: 6359 bytes
(epstopdf)             Command: <repstopdf --outfile=2_dc/parallel2-eps-convert
ed-to.pdf 2_dc/parallel2.eps>
(epstopdf)             \includegraphics on input line 342.
Package epstopdf Info: Output file is already uptodate.

<2_dc/parallel2-eps-converted-to.pdf, id=457, 555.07375pt x 275.0275pt>
File: 2_dc/parallel2-eps-converted-to.pdf Graphic file (type pdf)

<use 2_dc/parallel2-eps-converted-to.pdf>
Package pdftex.def Info: 2_dc/parallel2-eps-converted-to.pdf used on input line
 342.
(pdftex.def)             Requested size: 333.0468pt x 165.01776pt.
 [75 <./2_dc/parallel1-eps-converted-to.pdf>]
Package epstopdf Info: Source file: <2_dc/resistpar.eps>
(epstopdf)                    date: 2015-05-20 13:28:18
(epstopdf)                    size: 5114 bytes
(epstopdf)             Output file: <2_dc/resistpar-eps-converted-to.pdf>
(epstopdf)                    date: 2015-05-20 13:39:43
(epstopdf)                    size: 6296 bytes
(epstopdf)             Command: <repstopdf --outfile=2_dc/resistpar-eps-convert
ed-to.pdf 2_dc/resistpar.eps>
(epstopdf)             \includegraphics on input line 386.
Package epstopdf Info: Output file is already uptodate.
 <2_dc/resistpar-eps-converted-to.pdf, id=469, 555.07375pt x 289.08pt>
File: 2_dc/resistpar-eps-converted-to.pdf Graphic file (type pdf)

<use 2_dc/resistpar-eps-converted-to.pdf>
Package pdftex.def Info: 2_dc/resistpar-eps-converted-to.pdf used on input line
 386.
(pdftex.def)             Requested size: 333.0468pt x 173.44933pt.
Package epstopdf Info: Source file: <2_dc/parallelred.eps>
(epstopdf)                    date: 2015-05-20 13:28:18
(epstopdf)                    size: 5568 bytes
(epstopdf)             Output file: <2_dc/parallelred-eps-converted-to.pdf>
(epstopdf)                    date: 2015-05-20 13:39:44
(epstopdf)                    size: 6349 bytes
(epstopdf)             Command: <repstopdf --outfile=2_dc/parallelred-eps-conve
rted-to.pdf 2_dc/parallelred.eps>
(epstopdf)             \includegraphics on input line 395.
Package epstopdf Info: Output file is already uptodate.

<2_dc/parallelred-eps-converted-to.pdf, id=470, 804.00375pt x 189.70876pt>
File: 2_dc/parallelred-eps-converted-to.pdf Graphic file (type pdf)

<use 2_dc/parallelred-eps-converted-to.pdf>
Package pdftex.def Info: 2_dc/parallelred-eps-converted-to.pdf used on input li
ne 395.
(pdftex.def)             Requested size: 402.0009pt x 94.85414pt.

Overfull \hbox (12.0009pt too wide) in paragraph at lines 395--396
 [][] 
 []

[76 <./2_dc/parallel2-eps-converted-to.pdf>] [77 <./2_dc/resistpar-eps-converte
d-to.pdf> <./2_dc/parallelred-eps-converted-to.pdf>]
Package epstopdf Info: Source file: <2_dc/resistreduce.eps>
(epstopdf)                    date: 2015-05-20 13:28:18
(epstopdf)                    size: 5223 bytes
(epstopdf)             Output file: <2_dc/resistreduce-eps-converted-to.pdf>
(epstopdf)                    date: 2015-05-20 13:39:45
(epstopdf)                    size: 5457 bytes
(epstopdf)             Command: <repstopdf --outfile=2_dc/resistreduce-eps-conv
erted-to.pdf 2_dc/resistreduce.eps>
(epstopdf)             \includegraphics on input line 422.
Package epstopdf Info: Output file is already uptodate.

<2_dc/resistreduce-eps-converted-to.pdf, id=503, 518.93875pt x 330.23375pt>
File: 2_dc/resistreduce-eps-converted-to.pdf Graphic file (type pdf)

<use 2_dc/resistreduce-eps-converted-to.pdf>
Package pdftex.def Info: 2_dc/resistreduce-eps-converted-to.pdf used on input l
ine 422.
(pdftex.def)             Requested size: 311.36565pt x 198.14177pt.

Underfull \hbox (badness 10000) in paragraph at lines 429--448

 []

[78 <./2_dc/resistreduce-eps-converted-to.pdf>]
Package epstopdf Info: Source file: <2_dc/resistor.eps>
(epstopdf)                    date: 2015-05-20 13:28:18
(epstopdf)                    size: 5825 bytes
(epstopdf)             Output file: <2_dc/resistor-eps-converted-to.pdf>
(epstopdf)                    date: 2015-05-20 13:39:46
(epstopdf)                    size: 7206 bytes
(epstopdf)             Command: <repstopdf --outfile=2_dc/resistor-eps-converte
d-to.pdf 2_dc/resistor.eps>
(epstopdf)             \includegraphics on input line 451.
Package epstopdf Info: Output file is already uptodate.

<2_dc/resistor-eps-converted-to.pdf, id=512, 545.03625pt x 234.8775pt>
File: 2_dc/resistor-eps-converted-to.pdf Graphic file (type pdf)

<use 2_dc/resistor-eps-converted-to.pdf>
Package pdftex.def Info: 2_dc/resistor-eps-converted-to.pdf used on input line 
451.
(pdftex.def)             Requested size: 327.02428pt x 140.92758pt.

Overfull \hbox (39.0991pt too wide) in paragraph at lines 481--489
[] 
 []

Package epstopdf Info: Source file: <2_dc/multimeter.eps>
(epstopdf)                    date: 2015-05-20 13:28:18
(epstopdf)                    size: 4535 bytes
(epstopdf)             Output file: <2_dc/multimeter-eps-converted-to.pdf>
(epstopdf)                    date: 2015-05-20 13:39:47
(epstopdf)                    size: 8971 bytes
(epstopdf)             Command: <repstopdf --outfile=2_dc/multimeter-eps-conver
ted-to.pdf 2_dc/multimeter.eps>
(epstopdf)             \includegraphics on input line 497.
Package epstopdf Info: Output file is already uptodate.
<2_dc/multimeter-eps-converted-to.pdf, id=513, 234.8775pt x 397.485pt>
File: 2_dc/multimeter-eps-converted-to.pdf Graphic file (type pdf)

<use 2_dc/multimeter-eps-converted-to.pdf>
Package pdftex.def Info: 2_dc/multimeter-eps-converted-to.pdf used on input lin
e 497.
(pdftex.def)             Requested size: 164.41312pt x 278.2376pt.
 [79 <./2_dc/resistor-eps-converted-to.pdf>] [80]
Underfull \vbox (badness 2213) has occurred while \output is active []

 [81 <./2_dc/multimeter-eps-converted-to.pdf>]
Package epstopdf Info: Source file: <2_dc/powersupply.eps>
(epstopdf)                    date: 2015-05-20 13:28:18
(epstopdf)                    size: 6557 bytes
(epstopdf)             Output file: <2_dc/powersupply-eps-converted-to.pdf>
(epstopdf)                    date: 2015-05-20 13:42:01
(epstopdf)                    size: 11903 bytes
(epstopdf)             Command: <repstopdf --outfile=2_dc/powersupply-eps-conve
rted-to.pdf 2_dc/powersupply.eps>
(epstopdf)             \includegraphics on input line 550.
Package epstopdf Info: Output file is already uptodate.

<2_dc/powersupply-eps-converted-to.pdf, id=543, 397.485pt x 379.4175pt>
File: 2_dc/powersupply-eps-converted-to.pdf Graphic file (type pdf)

<use 2_dc/powersupply-eps-converted-to.pdf>
Package pdftex.def Info: 2_dc/powersupply-eps-converted-to.pdf used on input li
ne 550.
(pdftex.def)             Requested size: 238.49283pt x 227.65225pt.
Package epstopdf Info: Source file: <2_dc/breadboard.eps>
(epstopdf)                    date: 2015-05-20 13:28:18
(epstopdf)                    size: 151443 bytes
(epstopdf)             Output file: <2_dc/breadboard-eps-converted-to.pdf>
(epstopdf)                    date: 2015-05-20 13:39:48
(epstopdf)                    size: 15230 bytes
(epstopdf)             Command: <repstopdf --outfile=2_dc/breadboard-eps-conver
ted-to.pdf 2_dc/breadboard.eps>
(epstopdf)             \includegraphics on input line 560.
Package epstopdf Info: Output file is already uptodate.

<2_dc/breadboard-eps-converted-to.pdf, id=544, 48.18pt x 106.3975pt>
File: 2_dc/breadboard-eps-converted-to.pdf Graphic file (type pdf)

<use 2_dc/breadboard-eps-converted-to.pdf>
Package pdftex.def Info: 2_dc/breadboard-eps-converted-to.pdf used on input lin
e 560.
(pdftex.def)             Requested size: 192.71942pt x 425.58893pt.
Package epstopdf Info: Source file: <2_dc/backboard.eps>
(epstopdf)                    date: 2015-05-20 13:28:18
(epstopdf)                    size: 15830 bytes
(epstopdf)             Output file: <2_dc/backboard-eps-converted-to.pdf>
(epstopdf)                    date: 2015-05-20 13:39:49
(epstopdf)                    size: 7355 bytes
(epstopdf)             Command: <repstopdf --outfile=2_dc/backboard-eps-convert
ed-to.pdf 2_dc/backboard.eps>
(epstopdf)             \includegraphics on input line 561.
Package epstopdf Info: Output file is already uptodate.

<2_dc/backboard-eps-converted-to.pdf, id=545, 39.14626pt x 98.3675pt>
File: 2_dc/backboard-eps-converted-to.pdf Graphic file (type pdf)

<use 2_dc/backboard-eps-converted-to.pdf>
Package pdftex.def Info: 2_dc/backboard-eps-converted-to.pdf used on input line
 561.
(pdftex.def)             Requested size: 156.5846pt x 393.46893pt.
Package epstopdf Info: Source file: <2_dc/exampleboard.eps>
(epstopdf)                    date: 2015-05-20 13:28:18
(epstopdf)                    size: 154096 bytes
(epstopdf)             Output file: <2_dc/exampleboard-eps-converted-to.pdf>
(epstopdf)                    date: 2015-05-20 13:42:02
(epstopdf)                    size: 18444 bytes
(epstopdf)             Command: <repstopdf --outfile=2_dc/exampleboard-eps-conv
erted-to.pdf 2_dc/exampleboard.eps>
(epstopdf)             \includegraphics on input line 573.
Package epstopdf Info: Output file is already uptodate.

<2_dc/exampleboard-eps-converted-to.pdf, id=546, 99.37125pt x 107.40125pt>
File: 2_dc/exampleboard-eps-converted-to.pdf Graphic file (type pdf)

<use 2_dc/exampleboard-eps-converted-to.pdf>
Package pdftex.def Info: 2_dc/exampleboard-eps-converted-to.pdf used on input l
ine 573.
(pdftex.def)             Requested size: 397.48401pt x 429.60388pt.

Overfull \hbox (7.48401pt too wide) in paragraph at lines 573--575
 [][] 
 []


Underfull \vbox (badness 3291) has occurred while \output is active []

 [82 <./2_dc/powersupply-eps-converted-to.pdf>] [83 <./2_dc/breadboard-eps-conv
erted-to.pdf> <./2_dc/backboard-eps-converted-to.pdf>] [84] [85 <./2_dc/example
board-eps-converted-to.pdf>]
Overfull \hbox (16.6022pt too wide) in paragraph at lines 605--608
\OT1/cmr/bx/n/17.28 Name:  []        Day/Time: [] 
 []


Underfull \hbox (badness 10000) in paragraph at lines 605--608

 []


Underfull \hbox (badness 10000) in paragraph at lines 620--627

 []

Package epstopdf Info: Source file: <2_dc/procbatt.eps>
(epstopdf)                    date: 2015-05-20 13:28:18
(epstopdf)                    size: 5370 bytes
(epstopdf)             Output file: <2_dc/procbatt-eps-converted-to.pdf>
(epstopdf)                    date: 2015-05-20 13:41:42
(epstopdf)                    size: 5819 bytes
(epstopdf)             Command: <repstopdf --outfile=2_dc/procbatt-eps-converte
d-to.pdf 2_dc/procbatt.eps>
(epstopdf)             \includegraphics on input line 635.
Package epstopdf Info: Output file is already uptodate.
<2_dc/procbatt-eps-converted-to.pdf, id=595, 544.0325pt x 196.735pt>
File: 2_dc/procbatt-eps-converted-to.pdf Graphic file (type pdf)

<use 2_dc/procbatt-eps-converted-to.pdf>
Package pdftex.def Info: 2_dc/procbatt-eps-converted-to.pdf used on input line 
635.
(pdftex.def)             Requested size: 380.82016pt x 137.71355pt.

Underfull \hbox (badness 10000) in paragraph at lines 673--683

 []

[86

]
Underfull \hbox (badness 10000) in paragraph at lines 684--695

 []

Package epstopdf Info: Source file: <2_dc/procresist.eps>
(epstopdf)                    date: 2015-05-20 13:28:18
(epstopdf)                    size: 4536 bytes
(epstopdf)             Output file: <2_dc/procresist-eps-converted-to.pdf>
(epstopdf)                    date: 2015-05-20 13:41:43
(epstopdf)                    size: 4361 bytes
(epstopdf)             Command: <repstopdf --outfile=2_dc/procresist-eps-conver
ted-to.pdf 2_dc/procresist.eps>
(epstopdf)             \includegraphics on input line 697.
Package epstopdf Info: Output file is already uptodate.
<2_dc/procresist-eps-converted-to.pdf, id=599, 132.495pt x 68.255pt>
File: 2_dc/procresist-eps-converted-to.pdf Graphic file (type pdf)

<use 2_dc/procresist-eps-converted-to.pdf>
Package pdftex.def Info: 2_dc/procresist-eps-converted-to.pdf used on input lin
e 697.
(pdftex.def)             Requested size: 198.74199pt x 102.38223pt.
 [87 <./2_dc/procbatt-eps-converted-to.pdf>] [88 <./2_dc/procresist-eps-convert
ed-to.pdf>]
Package epstopdf Info: Source file: <2_dc/procserpar.eps>
(epstopdf)                    date: 2015-05-20 13:28:18
(epstopdf)                    size: 5996 bytes
(epstopdf)             Output file: <2_dc/procserpar-eps-converted-to.pdf>
(epstopdf)                    date: 2015-05-20 13:41:44
(epstopdf)                    size: 4825 bytes
(epstopdf)             Command: <repstopdf --outfile=2_dc/procserpar-eps-conver
ted-to.pdf 2_dc/procserpar.eps>
(epstopdf)             \includegraphics on input line 748.
Package epstopdf Info: Output file is already uptodate.

<2_dc/procserpar-eps-converted-to.pdf, id=619, 498.86375pt x 112.42pt>
File: 2_dc/procserpar-eps-converted-to.pdf Graphic file (type pdf)

<use 2_dc/procserpar-eps-converted-to.pdf>
Package pdftex.def Info: 2_dc/procserpar-eps-converted-to.pdf used on input lin
e 748.
(pdftex.def)             Requested size: 349.20224pt x 78.69345pt.

Underfull \hbox (badness 10000) in paragraph at lines 766--772

 []


Underfull \hbox (badness 10000) in paragraph at lines 766--772

 []


Underfull \vbox (badness 6910) has occurred while \output is active []

 [89 <./2_dc/procserpar-eps-converted-to.pdf>]
Underfull \hbox (badness 10000) in paragraph at lines 817--820

 []


Underfull \vbox (badness 7415) has occurred while \output is active []

 [90]
Underfull \hbox (badness 10000) in paragraph at lines 834--839

 []

[91]
Underfull \hbox (badness 10000) in paragraph at lines 841--847

 []


Underfull \hbox (badness 10000) in paragraph at lines 851--859

 []

[92]
Underfull \hbox (badness 10000) in paragraph at lines 860--866

 []


Underfull \hbox (badness 10000) in paragraph at lines 867--870

 []

[93]
Overfull \hbox (16.6022pt too wide) in paragraph at lines 885--888
\OT1/cmr/bx/n/17.28 Name:  []        Day/Time: [] 
 []


Underfull \hbox (badness 10000) in paragraph at lines 885--888

 []


Underfull \hbox (badness 10000) in paragraph at lines 891--902

 []


Underfull \vbox (badness 7704) has occurred while \output is active []

 [94]
Underfull \vbox (badness 10000) has occurred while \output is active []

 [95]
[96]
Package epstopdf Info: Source file: <2_dc/procintresist.eps>
(epstopdf)                    date: 2015-05-20 13:28:18
(epstopdf)                    size: 6978 bytes
(epstopdf)             Output file: <2_dc/procintresist-eps-converted-to.pdf>
(epstopdf)                    date: 2015-05-20 13:41:45
(epstopdf)                    size: 4176 bytes
(epstopdf)             Command: <repstopdf --outfile=2_dc/procintresist-eps-con
verted-to.pdf 2_dc/procintresist.eps>
(epstopdf)             \includegraphics on input line 1061.
Package epstopdf Info: Output file is already uptodate.
 <2_dc/procintresist-eps-converted-to.pdf, id=652, 125.46875pt x 168.63pt>
File: 2_dc/procintresist-eps-converted-to.pdf Graphic file (type pdf)

<use 2_dc/procintresist-eps-converted-to.pdf>
Package pdftex.def Info: 2_dc/procintresist-eps-converted-to.pdf used on input 
line 1061.
(pdftex.def)             Requested size: 87.82751pt x 118.04018pt.
 [97] [98 <./2_dc/procintresist-eps-converted-to.pdf>]
Underfull \hbox (badness 10000) in paragraph at lines 1138--1144

 []


Underfull \hbox (badness 10000) in paragraph at lines 1154--1157

 []


Underfull \hbox (badness 10000) in paragraph at lines 1154--1157

 []

[99

]
Underfull \hbox (badness 10000) in paragraph at lines 1160--1163

 []


Underfull \hbox (badness 10000) in paragraph at lines 1160--1163

 []


Underfull \hbox (badness 10000) in paragraph at lines 1167--1170

 []


Underfull \hbox (badness 10000) in paragraph at lines 1180--1182

 []

[100]
Underfull \hbox (badness 10000) in paragraph at lines 1183--1187

 []


Underfull \hbox (badness 10000) in paragraph at lines 1190--1193

 []


Underfull \hbox (badness 10000) in paragraph at lines 1190--1193

 []


Underfull \hbox (badness 10000) in paragraph at lines 1199--1202

 []


Underfull \hbox (badness 10000) in paragraph at lines 1203--1207

 []

) [101] (./manual.aux)

LaTeX Warning: Label(s) may have changed. Rerun to get cross-references right.

 )
(\end occurred inside a group at level 3)

### simple group (level 3) entered at line 408 ({)
### simple group (level 2) entered at line 273 ({)
### simple group (level 1) entered at line 70 ({)
### bottom level 
Here is how much of TeX's memory you used:
 2101 strings out of 493488
 33116 string characters out of 3141326
 86894 words of memory out of 3000000
 5332 multiletter control sequences out of 15000+200000
 11081 words of font info for 38 fonts, out of 3000000 for 9000
 957 hyphenation exceptions out of 8191
 44i,10n,25p,357b,350s stack positions out of 5000i,500n,10000p,200000b,50000s
</usr/local/texlive/2012/texmf-dist/fonts/type1/public/amsfonts
/cm/cmbx12.pfb></usr/local/texlive/2012/texmf-dist/fonts/type1/public/amsfonts/
cm/cmex10.pfb></usr/local/texlive/2012/texmf-dist/fonts/type1/public/amsfonts/c
m/cmmi12.pfb></usr/local/texlive/2012/texmf-dist/fonts/type1/public/amsfonts/cm
/cmmi6.pfb></usr/local/texlive/2012/texmf-dist/fonts/type1/public/amsfonts/cm/c
mmi8.pfb></usr/local/texlive/2012/texmf-dist/fonts/type1/public/amsfonts/cm/cmr
10.pfb></usr/local/texlive/2012/texmf-dist/fonts/type1/public/amsfonts/cm/cmr12
.pfb></usr/local/texlive/2012/texmf-dist/fonts/type1/public/amsfonts/cm/cmr17.p
fb></usr/local/texlive/2012/texmf-dist/fonts/type1/public/amsfonts/cm/cmr6.pfb>
</usr/local/texlive/2012/texmf-dist/fonts/type1/public/amsfonts/cm/cmr8.pfb></u
sr/local/texlive/2012/texmf-dist/fonts/type1/public/amsfonts/cm/cmsl12.pfb></us
r/local/texlive/2012/texmf-dist/fonts/type1/public/amsfonts/cm/cmsy10.pfb></usr
/local/texlive/2012/texmf-dist/fonts/type1/public/amsfonts/cm/cmsy7.pfb></usr/l
ocal/texlive/2012/texmf-dist/fonts/type1/public/amsfonts/cm/cmsy8.pfb></usr/loc
al/texlive/2012/texmf-dist/fonts/type1/public/amsfonts/cm/cmti12.pfb>
Output written on manual.pdf (109 pages, 771856 bytes).
PDF statistics:
 726 PDF objects out of 1000 (max. 8388607)
 494 compressed objects within 5 object streams
 0 named destinations out of 1000 (max. 500000)
 181 words of extra memory for PDF output out of 10000 (max. 10000000)

